=============================================
Testing 'env.Dockerfile'
Build image once, then try multiple printenvs
under different conditions.
=============================================
Sending build context to Docker daemon  5.632kB
Step 1/5 : FROM alpine:latest
 ---> 11cd0b38bc3c
Step 2/5 : ENV MYVAR=
 ---> Running in 40d6bac68dbd
Removing intermediate container 40d6bac68dbd
 ---> aeee04ed55f6
Step 3/5 : ENV QUOTES_OPTIONAL_1=Some_Value_Without_Spaces
 ---> Running in 6313e2e21a9a
Removing intermediate container 6313e2e21a9a
 ---> de4b4c1aabc4
Step 4/5 : ENV QUOTES_OPTIONAL_2="Some Value With Spaces"
 ---> Running in d3110788040c
Removing intermediate container d3110788040c
 ---> 57ab5a8355d9
Step 5/5 : ENV 	TEST_MULTILINE_VAR_1=test1 	TEST_MULTILINE_VAR_2= 	TEST_MULTILINE_VAR_3=test3 	TEST_MULTILINE_VAR_4="test4 test4" 	TEST_MULTILINE_VAR_5=test5 	TEST_MULTILINE_VAR_6=test6
 ---> Running in 693e5015e53e
Removing intermediate container 693e5015e53e
 ---> 08f780dc9c2d
Successfully built 08f780dc9c2d
Successfully tagged docker-certification/testenv:latest
Incoming terminal spam...
==========================
TEST 1 - No ENV Overwrites
==========================
PATH=/usr/local/sbin:/usr/local/bin:/usr/sbin:/usr/bin:/sbin:/bin
HOSTNAME=dddd9697fc64
MYVAR=
QUOTES_OPTIONAL_1=Some_Value_Without_Spaces
QUOTES_OPTIONAL_2=Some Value With Spaces
TEST_MULTILINE_VAR_1=test1
TEST_MULTILINE_VAR_2=
TEST_MULTILINE_VAR_3=test3
TEST_MULTILINE_VAR_4=test4 test4
TEST_MULTILINE_VAR_5=test5
TEST_MULTILINE_VAR_6=test6
HOME=/root
==========================
TEST 2 - One ENV Overwrite
==========================
PATH=/usr/local/sbin:/usr/local/bin:/usr/sbin:/usr/bin:/sbin:/bin
HOSTNAME=45a2252b9cbf
MYVAR=Some new value for MYVAR
QUOTES_OPTIONAL_1=Some_Value_Without_Spaces
QUOTES_OPTIONAL_2=Some Value With Spaces
TEST_MULTILINE_VAR_1=test1
TEST_MULTILINE_VAR_2=
TEST_MULTILINE_VAR_3=test3
TEST_MULTILINE_VAR_4=test4 test4
TEST_MULTILINE_VAR_5=test5
TEST_MULTILINE_VAR_6=test6
HOME=/root
================================
TEST 3 - Multiple ENV Overwrites
================================
PATH=/usr/local/sbin:/usr/local/bin:/usr/sbin:/usr/bin:/sbin:/bin
HOSTNAME=d5b71ae3caa8
MYVAR=Some new value for MYVAR
TEST_MULTILINE_VAR_2=Some new value for TEST_MULTILINE_VAR_2
QUOTES_OPTIONAL_1=Some_Value_Without_Spaces
QUOTES_OPTIONAL_2=Some Value With Spaces
TEST_MULTILINE_VAR_1=test1
TEST_MULTILINE_VAR_3=test3
TEST_MULTILINE_VAR_4=test4 test4
TEST_MULTILINE_VAR_5=test5
TEST_MULTILINE_VAR_6=test6
HOME=/root
=====================================
TEST 4 - One Variable Specified Twice
=====================================
PATH=/usr/local/sbin:/usr/local/bin:/usr/sbin:/usr/bin:/sbin:/bin
HOSTNAME=b7828ba1b91a
MYVAR=A different value for MYVAR
TEST_MULTILINE_VAR_2=Some new value for TEST_MULTILINE_VAR_2
QUOTES_OPTIONAL_1=Some_Value_Without_Spaces
QUOTES_OPTIONAL_2=Some Value With Spaces
TEST_MULTILINE_VAR_1=test1
TEST_MULTILINE_VAR_3=test3
TEST_MULTILINE_VAR_4=test4 test4
TEST_MULTILINE_VAR_5=test5
TEST_MULTILINE_VAR_6=test6
HOME=/root
=================================
TEST 5 - Overwrite Variable (DNE)
=================================
PATH=/usr/local/sbin:/usr/local/bin:/usr/sbin:/usr/bin:/sbin:/bin
HOSTNAME=d05decd8ee6b
THIS_VAR_DNE=What does this do?
MYVAR=
QUOTES_OPTIONAL_1=Some_Value_Without_Spaces
QUOTES_OPTIONAL_2=Some Value With Spaces
TEST_MULTILINE_VAR_1=test1
TEST_MULTILINE_VAR_2=
TEST_MULTILINE_VAR_3=test3
TEST_MULTILINE_VAR_4=test4 test4
TEST_MULTILINE_VAR_5=test5
TEST_MULTILINE_VAR_6=test6
HOME=/root
===================================
Done with tests, deleting the image
===================================
Untagged: docker-certification/testenv:latest
Deleted: sha256:08f780dc9c2d2805420776b623ebb07e9399f5dbce3845f7c8fc51b0ada1635d
Deleted: sha256:57ab5a8355d95ae83188dd9e655dc679369874796c9f7fe28b287bb7898f405c
Deleted: sha256:de4b4c1aabc4596948f6920e88f0824ffc3d20c28ef2667551524d45acd45533
Deleted: sha256:aeee04ed55f6cc7065ce45081e2a5c779552a7ad1d1137d45af338b8665ca13e
